<?xml version="1.0" encoding="UTF-8"?>
<testsuite name="Amazon Test"
           tests="3"
           failures="0"
           errors="0"
           skipped="0"
           time="0.091">
  <properties />
  
  
            <testcase name="testAmazonHomePageTitle2" time="0.030" classname="com.simplilearn.Testng.Amazon.AmazonHomepageTest" />
                <testcase name="testAmazonHomePageTitle" time="0.011" classname="com.simplilearn.Testng.Amazon.AmazonHomepageTest" />
                <testcase name="testAmazonHomePageSourceUrl" time="0.050" classname="com.simplilearn.Testng.Amazon.AmazonHomepageTest" />
      
</testsuite>
