<?xml version="1.0" encoding="UTF-8"?>
<testsuite name="Amazon Test"
           tests="2"
           failures="0"
           errors="0"
           skipped="0"
           time="7.992">
  <properties />
  
  
            <testcase name="tdLinkTest1" time="5.392" classname="com.simplilearn.Testng.Amazon.AmazonLinkVerificationCssSelectorTest" />
                <testcase name="tdLinkTest2" time="2.600" classname="com.simplilearn.Testng.Amazon.AmazonLinkVerificationCssSelectorTest" />
      
</testsuite>
